-------------------------------------------------------------------------------
Test set: com.nba.tests.core.WarriorsTestRunner
-------------------------------------------------------------------------------
Tests run: 1, Failures: 1, Errors: 0, Skipped: 0, Time elapsed: 38.95 s <<< FAILURE! -- in com.nba.tests.core.WarriorsTestRunner
com.nba.tests.core.WarriorsTestRunner.runScenario["Test Case 1 - Find all Jackets from Shop Menu", "NBA Warriors Website Testing - Core Product"](1) -- Time elapsed: 38.37 s <<< FAILURE!
java.lang.AssertionError: Jackets category should be visible expected [true] but found [false]
	at org.testng.Assert.fail(Assert.java:111)
	at org.testng.Assert.failNotEquals(Assert.java:1578)
	at org.testng.Assert.assertTrue(Assert.java:57)
	at com.nba.framework.assertions.BaseAssertion.assertTrue(BaseAssertion.java:44)
	at com.nba.tests.core.assertions.WarriorsPageAssertions.assertJacketsCategoryVisible(WarriorsPageAssertions.java:33)
	at com.nba.tests.core.stepdefinitions.WarriorsStepDefinitions.iClickOnJacketsCategory(WarriorsStepDefinitions.java:122)
	at âœ½.I click on Jackets category(file:///Volumes/Amdocs/Workspaces/Testing/nba-automation-framework/core-product-tests/src/test/resources/features/warriors_tests.feature:13)

