<?xml version="1.0" encoding="UTF-8"?>
<testsuite xmlns:xsi="http://www.w3.org/2001/XMLSchema-instance" xsi:noNamespaceSchemaLocation="https://maven.apache.org/surefire/maven-surefire-plugin/xsd/surefire-test-report-3.0.xsd" version="3.0" name="com.nba.tests.core.WarriorsTestRunner" time="38.95" tests="1" errors="0" skipped="0" failures="1">
  <properties>
    <property name="java.specification.version" value="17"/>
    <property name="webdriver.chrome.driver" value="../drivers/chromedriver-mac-arm64/chromedriver"/>
    <property name="sun.jnu.encoding" value="UTF-8"/>
    <property name="java.class.path" value="/Volumes/Amdocs/Workspaces/Testing/nba-automation-framework/core-product-tests/target/test-classes:/Volumes/Amdocs/Workspaces/Testing/nba-automation-framework/core-product-tests/target/classes:/Users/yashgoy/.m2/repository/com/veeva/nba/automation-framework/1.0-SNAPSHOT/automation-framework-1.0-SNAPSHOT.jar:/Users/yashgoy/.m2/repository/org/seleniumhq/selenium/selenium-java/4.15.0/selenium-java-4.15.0.jar:/Users/yashgoy/.m2/repository/org/seleniumhq/selenium/selenium-api/4.15.0/selenium-api-4.15.0.jar:/Users/yashgoy/.m2/repository/org/seleniumhq/selenium/selenium-chrome-driver/4.15.0/selenium-chrome-driver-4.15.0.jar:/Users/yashgoy/.m2/repository/com/google/auto/service/auto-service-annotations/1.1.1/auto-service-annotations-1.1.1.jar:/Users/yashgoy/.m2/repository/org/seleniumhq/selenium/selenium-chromium-driver/4.15.0/selenium-chromium-driver-4.15.0.jar:/Users/yashgoy/.m2/repository/org/seleniumhq/selenium/selenium-json/4.15.0/selenium-json-4.15.0.jar:/Users/yashgoy/.m2/repository/org/seleniumhq/selenium/selenium-manager/4.15.0/selenium-manager-4.15.0.jar:/Users/yashgoy/.m2/repository/org/seleniumhq/selenium/selenium-devtools-v117/4.15.0/selenium-devtools-v117-4.15.0.jar:/Users/yashgoy/.m2/repository/org/seleniumhq/selenium/selenium-devtools-v118/4.15.0/selenium-devtools-v118-4.15.0.jar:/Users/yashgoy/.m2/repository/org/seleniumhq/selenium/selenium-devtools-v119/4.15.0/selenium-devtools-v119-4.15.0.jar:/Users/yashgoy/.m2/repository/org/seleniumhq/selenium/selenium-devtools-v85/4.15.0/selenium-devtools-v85-4.15.0.jar:/Users/yashgoy/.m2/repository/org/seleniumhq/selenium/selenium-edge-driver/4.15.0/selenium-edge-driver-4.15.0.jar:/Users/yashgoy/.m2/repository/org/seleniumhq/selenium/selenium-firefox-driver/4.15.0/selenium-firefox-driver-4.15.0.jar:/Users/yashgoy/.m2/repository/org/seleniumhq/selenium/selenium-http/4.15.0/selenium-http-4.15.0.jar:/Users/yashgoy/.m2/repository/dev/failsafe/failsafe/3.3.2/failsafe-3.3.2.jar:/Users/yashgoy/.m2/repository/org/seleniumhq/selenium/selenium-ie-driver/4.15.0/selenium-ie-driver-4.15.0.jar:/Users/yashgoy/.m2/repository/org/seleniumhq/selenium/selenium-remote-driver/4.15.0/selenium-remote-driver-4.15.0.jar:/Users/yashgoy/.m2/repository/com/google/guava/guava/32.1.2-jre/guava-32.1.2-jre.jar:/Users/yashgoy/.m2/repository/com/google/guava/failureaccess/1.0.1/failureaccess-1.0.1.jar:/Users/yashgoy/.m2/repository/com/google/guava/listenablefuture/9999.0-empty-to-avoid-conflict-with-guava/listenablefuture-9999.0-empty-to-avoid-conflict-with-guava.jar:/Users/yashgoy/.m2/repository/com/google/code/findbugs/jsr305/3.0.2/jsr305-3.0.2.jar:/Users/yashgoy/.m2/repository/org/checkerframework/checker-qual/3.33.0/checker-qual-3.33.0.jar:/Users/yashgoy/.m2/repository/com/google/errorprone/error_prone_annotations/2.18.0/error_prone_annotations-2.18.0.jar:/Users/yashgoy/.m2/repository/com/google/j2objc/j2objc-annotations/2.8/j2objc-annotations-2.8.jar:/Users/yashgoy/.m2/repository/io/opentelemetry/opentelemetry-api/1.28.0/opentelemetry-api-1.28.0.jar:/Users/yashgoy/.m2/repository/io/opentelemetry/opentelemetry-context/1.28.0/opentelemetry-context-1.28.0.jar:/Users/yashgoy/.m2/repository/io/opentelemetry/opentelemetry-exporter-logging/1.28.0/opentelemetry-exporter-logging-1.28.0.jar:/Users/yashgoy/.m2/repository/io/opentelemetry/opentelemetry-sdk-metrics/1.28.0/opentelemetry-sdk-metrics-1.28.0.jar:/Users/yashgoy/.m2/repository/io/opentelemetry/opentelemetry-extension-incubator/1.28.0-alpha/opentelemetry-extension-incubator-1.28.0-alpha.jar:/Users/yashgoy/.m2/repository/io/opentelemetry/opentelemetry-sdk-logs/1.28.0/opentelemetry-sdk-logs-1.28.0.jar:/Users/yashgoy/.m2/repository/io/opentelemetry/opentelemetry-sdk-common/1.28.0/opentelemetry-sdk-common-1.28.0.jar:/Users/yashgoy/.m2/repository/io/opentelemetry/opentelemetry-sdk-extension-autoconfigure-spi/1.28.0/opentelemetry-sdk-extension-autoconfigure-spi-1.28.0.jar:/Users/yashgoy/.m2/repository/io/opentelemetry/opentelemetry-sdk-extension-autoconfigure/1.28.0/opentelemetry-sdk-extension-autoconfigure-1.28.0.jar:/Users/yashgoy/.m2/repository/io/opentelemetry/opentelemetry-api-events/1.28.0-alpha/opentelemetry-api-events-1.28.0-alpha.jar:/Users/yashgoy/.m2/repository/io/opentelemetry/opentelemetry-sdk-trace/1.28.0/opentelemetry-sdk-trace-1.28.0.jar:/Users/yashgoy/.m2/repository/io/opentelemetry/opentelemetry-sdk/1.28.0/opentelemetry-sdk-1.28.0.jar:/Users/yashgoy/.m2/repository/io/opentelemetry/opentelemetry-semconv/1.28.0-alpha/opentelemetry-semconv-1.28.0-alpha.jar:/Users/yashgoy/.m2/repository/net/bytebuddy/byte-buddy/1.14.5/byte-buddy-1.14.5.jar:/Users/yashgoy/.m2/repository/org/seleniumhq/selenium/selenium-os/4.15.0/selenium-os-4.15.0.jar:/Users/yashgoy/.m2/repository/org/apache/commons/commons-exec/1.3/commons-exec-1.3.jar:/Users/yashgoy/.m2/repository/org/seleniumhq/selenium/selenium-safari-driver/4.15.0/selenium-safari-driver-4.15.0.jar:/Users/yashgoy/.m2/repository/org/seleniumhq/selenium/selenium-support/4.15.0/selenium-support-4.15.0.jar:/Users/yashgoy/.m2/repository/org/testng/testng/7.8.0/testng-7.8.0.jar:/Users/yashgoy/.m2/repository/org/slf4j/slf4j-api/1.7.36/slf4j-api-1.7.36.jar:/Users/yashgoy/.m2/repository/com/beust/jcommander/1.82/jcommander-1.82.jar:/Users/yashgoy/.m2/repository/org/webjars/jquery/3.6.1/jquery-3.6.1.jar:/Users/yashgoy/.m2/repository/io/cucumber/cucumber-java/7.14.0/cucumber-java-7.14.0.jar:/Users/yashgoy/.m2/repository/io/cucumber/cucumber-core/7.14.0/cucumber-core-7.14.0.jar:/Users/yashgoy/.m2/repository/io/cucumber/cucumber-gherkin/7.14.0/cucumber-gherkin-7.14.0.jar:/Users/yashgoy/.m2/repository/io/cucumber/cucumber-gherkin-messages/7.14.0/cucumber-gherkin-messages-7.14.0.jar:/Users/yashgoy/.m2/repository/io/cucumber/gherkin/26.2.0/gherkin-26.2.0.jar:/Users/yashgoy/.m2/repository/io/cucumber/messages/22.0.0/messages-22.0.0.jar:/Users/yashgoy/.m2/repository/io/cucumber/tag-expressions/5.0.6/tag-expressions-5.0.6.jar:/Users/yashgoy/.m2/repository/io/cucumber/cucumber-expressions/16.1.2/cucumber-expressions-16.1.2.jar:/Users/yashgoy/.m2/repository/io/cucumber/datatable/7.14.0/datatable-7.14.0.jar:/Users/yashgoy/.m2/repository/io/cucumber/cucumber-plugin/7.14.0/cucumber-plugin-7.14.0.jar:/Users/yashgoy/.m2/repository/io/cucumber/docstring/7.14.0/docstring-7.14.0.jar:/Users/yashgoy/.m2/repository/io/cucumber/html-formatter/20.4.0/html-formatter-20.4.0.jar:/Users/yashgoy/.m2/repository/io/cucumber/junit-xml-formatter/0.2.0/junit-xml-formatter-0.2.0.jar:/Users/yashgoy/.m2/repository/io/cucumber/ci-environment/9.2.0/ci-environment-9.2.0.jar:/Users/yashgoy/.m2/repository/org/apiguardian/apiguardian-api/1.1.2/apiguardian-api-1.1.2.jar:/Users/yashgoy/.m2/repository/io/cucumber/cucumber-testng/7.14.0/cucumber-testng-7.14.0.jar:/Users/yashgoy/.m2/repository/io/cucumber/cucumber-picocontainer/7.14.0/cucumber-picocontainer-7.14.0.jar:/Users/yashgoy/.m2/repository/org/picocontainer/picocontainer/2.15/picocontainer-2.15.jar:/Users/yashgoy/.m2/repository/org/springframework/spring-context/5.3.23/spring-context-5.3.23.jar:/Users/yashgoy/.m2/repository/org/springframework/spring-aop/5.3.23/spring-aop-5.3.23.jar:/Users/yashgoy/.m2/repository/org/springframework/spring-beans/5.3.23/spring-beans-5.3.23.jar:/Users/yashgoy/.m2/repository/org/springframework/spring-core/5.3.23/spring-core-5.3.23.jar:/Users/yashgoy/.m2/repository/org/springframework/spring-jcl/5.3.23/spring-jcl-5.3.23.jar:/Users/yashgoy/.m2/repository/org/springframework/spring-expression/5.3.23/spring-expression-5.3.23.jar:/Users/yashgoy/.m2/repository/org/springframework/spring-test/5.3.23/spring-test-5.3.23.jar:/Users/yashgoy/.m2/repository/org/apache/logging/log4j/log4j-core/2.20.0/log4j-core-2.20.0.jar:/Users/yashgoy/.m2/repository/org/apache/logging/log4j/log4j-api/2.20.0/log4j-api-2.20.0.jar:/Users/yashgoy/.m2/repository/com/aventstack/extentreports/5.1.1/extentreports-5.1.1.jar:/Users/yashgoy/.m2/repository/io/reactivex/rxjava3/rxjava/3.1.6/rxjava-3.1.6.jar:/Users/yashgoy/.m2/repository/org/reactivestreams/reactive-streams/1.0.4/reactive-streams-1.0.4.jar:/Users/yashgoy/.m2/repository/org/freemarker/freemarker/2.3.32/freemarker-2.3.32.jar:/Users/yashgoy/.m2/repository/org/projectlombok/lombok/1.18.26/lombok-1.18.26.jar:/Users/yashgoy/.m2/repository/com/google/code/gson/gson/2.10.1/gson-2.10.1.jar:/Users/yashgoy/.m2/repository/com/fasterxml/jackson/core/jackson-databind/2.15.2/jackson-databind-2.15.2.jar:/Users/yashgoy/.m2/repository/com/fasterxml/jackson/core/jackson-annotations/2.15.2/jackson-annotations-2.15.2.jar:/Users/yashgoy/.m2/repository/com/fasterxml/jackson/core/jackson-core/2.15.2/jackson-core-2.15.2.jar:/Users/yashgoy/.m2/repository/com/fasterxml/jackson/dataformat/jackson-dataformat-yaml/2.15.2/jackson-dataformat-yaml-2.15.2.jar:/Users/yashgoy/.m2/repository/org/yaml/snakeyaml/2.0/snakeyaml-2.0.jar:/Users/yashgoy/.m2/repository/io/github/bonigarcia/webdrivermanager/5.5.3/webdrivermanager-5.5.3.jar:/Users/yashgoy/.m2/repository/com/github/docker-java/docker-java/3.3.3/docker-java-3.3.3.jar:/Users/yashgoy/.m2/repository/com/github/docker-java/docker-java-core/3.3.3/docker-java-core-3.3.3.jar:/Users/yashgoy/.m2/repository/com/github/docker-java/docker-java-api/3.3.3/docker-java-api-3.3.3.jar:/Users/yashgoy/.m2/repository/commons-io/commons-io/2.6/commons-io-2.6.jar:/Users/yashgoy/.m2/repository/org/apache/commons/commons-compress/1.21/commons-compress-1.21.jar:/Users/yashgoy/.m2/repository/org/bouncycastle/bcpkix-jdk18on/1.75/bcpkix-jdk18on-1.75.jar:/Users/yashgoy/.m2/repository/org/bouncycastle/bcprov-jdk18on/1.75/bcprov-jdk18on-1.75.jar:/Users/yashgoy/.m2/repository/org/bouncycastle/bcutil-jdk18on/1.75/bcutil-jdk18on-1.75.jar:/Users/yashgoy/.m2/repository/org/slf4j/jcl-over-slf4j/1.7.30/jcl-over-slf4j-1.7.30.jar:/Users/yashgoy/.m2/repository/com/github/docker-java/docker-java-transport-httpclient5/3.3.3/docker-java-transport-httpclient5-3.3.3.jar:/Users/yashgoy/.m2/repository/com/github/docker-java/docker-java-transport/3.3.3/docker-java-transport-3.3.3.jar:/Users/yashgoy/.m2/repository/net/java/dev/jna/jna/5.12.1/jna-5.12.1.jar:/Users/yashgoy/.m2/repository/org/brotli/dec/0.1.2/dec-0.1.2.jar:/Users/yashgoy/.m2/repository/org/apache/commons/commons-lang3/3.13.0/commons-lang3-3.13.0.jar:/Users/yashgoy/.m2/repository/org/apache/httpcomponents/client5/httpclient5/5.2.1/httpclient5-5.2.1.jar:/Users/yashgoy/.m2/repository/org/apache/httpcomponents/core5/httpcore5/5.2/httpcore5-5.2.jar:/Users/yashgoy/.m2/repository/org/apache/httpcomponents/core5/httpcore5-h2/5.2/httpcore5-h2-5.2.jar:"/>
    <property name="java.vm.vendor" value="Oracle Corporation"/>
    <property name="sun.arch.data.model" value="64"/>
    <property name="java.vendor.url" value="https://java.oracle.com/"/>
    <property name="user.timezone" value="Asia/Kolkata"/>
    <property name="os.name" value="Mac OS X"/>
    <property name="java.vm.specification.version" value="17"/>
    <property name="sun.java.launcher" value="SUN_STANDARD"/>
    <property name="user.country" value="IN"/>
    <property name="sun.boot.library.path" value="/Library/Java/JavaVirtualMachines/jdk-17.jdk/Contents/Home/lib"/>
    <property name="sun.java.command" value="/Volumes/Amdocs/Workspaces/Testing/nba-automation-framework/core-product-tests/target/surefire/surefirebooter-20251026013153104_3.jar /Volumes/Amdocs/Workspaces/Testing/nba-automation-framework/core-product-tests/target/surefire 2025-10-26T01-31-53_044-jvmRun1 surefire-20251026013153104_1tmp surefire_0-20251026013153104_2tmp"/>
    <property name="jdk.debug" value="release"/>
    <property name="test" value="WarriorsTestRunner"/>
    <property name="surefire.test.class.path" value="/Volumes/Amdocs/Workspaces/Testing/nba-automation-framework/core-product-tests/target/test-classes:/Volumes/Amdocs/Workspaces/Testing/nba-automation-framework/core-product-tests/target/classes:/Users/yashgoy/.m2/repository/com/veeva/nba/automation-framework/1.0-SNAPSHOT/automation-framework-1.0-SNAPSHOT.jar:/Users/yashgoy/.m2/repository/org/seleniumhq/selenium/selenium-java/4.15.0/selenium-java-4.15.0.jar:/Users/yashgoy/.m2/repository/org/seleniumhq/selenium/selenium-api/4.15.0/selenium-api-4.15.0.jar:/Users/yashgoy/.m2/repository/org/seleniumhq/selenium/selenium-chrome-driver/4.15.0/selenium-chrome-driver-4.15.0.jar:/Users/yashgoy/.m2/repository/com/google/auto/service/auto-service-annotations/1.1.1/auto-service-annotations-1.1.1.jar:/Users/yashgoy/.m2/repository/org/seleniumhq/selenium/selenium-chromium-driver/4.15.0/selenium-chromium-driver-4.15.0.jar:/Users/yashgoy/.m2/repository/org/seleniumhq/selenium/selenium-json/4.15.0/selenium-json-4.15.0.jar:/Users/yashgoy/.m2/repository/org/seleniumhq/selenium/selenium-manager/4.15.0/selenium-manager-4.15.0.jar:/Users/yashgoy/.m2/repository/org/seleniumhq/selenium/selenium-devtools-v117/4.15.0/selenium-devtools-v117-4.15.0.jar:/Users/yashgoy/.m2/repository/org/seleniumhq/selenium/selenium-devtools-v118/4.15.0/selenium-devtools-v118-4.15.0.jar:/Users/yashgoy/.m2/repository/org/seleniumhq/selenium/selenium-devtools-v119/4.15.0/selenium-devtools-v119-4.15.0.jar:/Users/yashgoy/.m2/repository/org/seleniumhq/selenium/selenium-devtools-v85/4.15.0/selenium-devtools-v85-4.15.0.jar:/Users/yashgoy/.m2/repository/org/seleniumhq/selenium/selenium-edge-driver/4.15.0/selenium-edge-driver-4.15.0.jar:/Users/yashgoy/.m2/repository/org/seleniumhq/selenium/selenium-firefox-driver/4.15.0/selenium-firefox-driver-4.15.0.jar:/Users/yashgoy/.m2/repository/org/seleniumhq/selenium/selenium-http/4.15.0/selenium-http-4.15.0.jar:/Users/yashgoy/.m2/repository/dev/failsafe/failsafe/3.3.2/failsafe-3.3.2.jar:/Users/yashgoy/.m2/repository/org/seleniumhq/selenium/selenium-ie-driver/4.15.0/selenium-ie-driver-4.15.0.jar:/Users/yashgoy/.m2/repository/org/seleniumhq/selenium/selenium-remote-driver/4.15.0/selenium-remote-driver-4.15.0.jar:/Users/yashgoy/.m2/repository/com/google/guava/guava/32.1.2-jre/guava-32.1.2-jre.jar:/Users/yashgoy/.m2/repository/com/google/guava/failureaccess/1.0.1/failureaccess-1.0.1.jar:/Users/yashgoy/.m2/repository/com/google/guava/listenablefuture/9999.0-empty-to-avoid-conflict-with-guava/listenablefuture-9999.0-empty-to-avoid-conflict-with-guava.jar:/Users/yashgoy/.m2/repository/com/google/code/findbugs/jsr305/3.0.2/jsr305-3.0.2.jar:/Users/yashgoy/.m2/repository/org/checkerframework/checker-qual/3.33.0/checker-qual-3.33.0.jar:/Users/yashgoy/.m2/repository/com/google/errorprone/error_prone_annotations/2.18.0/error_prone_annotations-2.18.0.jar:/Users/yashgoy/.m2/repository/com/google/j2objc/j2objc-annotations/2.8/j2objc-annotations-2.8.jar:/Users/yashgoy/.m2/repository/io/opentelemetry/opentelemetry-api/1.28.0/opentelemetry-api-1.28.0.jar:/Users/yashgoy/.m2/repository/io/opentelemetry/opentelemetry-context/1.28.0/opentelemetry-context-1.28.0.jar:/Users/yashgoy/.m2/repository/io/opentelemetry/opentelemetry-exporter-logging/1.28.0/opentelemetry-exporter-logging-1.28.0.jar:/Users/yashgoy/.m2/repository/io/opentelemetry/opentelemetry-sdk-metrics/1.28.0/opentelemetry-sdk-metrics-1.28.0.jar:/Users/yashgoy/.m2/repository/io/opentelemetry/opentelemetry-extension-incubator/1.28.0-alpha/opentelemetry-extension-incubator-1.28.0-alpha.jar:/Users/yashgoy/.m2/repository/io/opentelemetry/opentelemetry-sdk-logs/1.28.0/opentelemetry-sdk-logs-1.28.0.jar:/Users/yashgoy/.m2/repository/io/opentelemetry/opentelemetry-sdk-common/1.28.0/opentelemetry-sdk-common-1.28.0.jar:/Users/yashgoy/.m2/repository/io/opentelemetry/opentelemetry-sdk-extension-autoconfigure-spi/1.28.0/opentelemetry-sdk-extension-autoconfigure-spi-1.28.0.jar:/Users/yashgoy/.m2/repository/io/opentelemetry/opentelemetry-sdk-extension-autoconfigure/1.28.0/opentelemetry-sdk-extension-autoconfigure-1.28.0.jar:/Users/yashgoy/.m2/repository/io/opentelemetry/opentelemetry-api-events/1.28.0-alpha/opentelemetry-api-events-1.28.0-alpha.jar:/Users/yashgoy/.m2/repository/io/opentelemetry/opentelemetry-sdk-trace/1.28.0/opentelemetry-sdk-trace-1.28.0.jar:/Users/yashgoy/.m2/repository/io/opentelemetry/opentelemetry-sdk/1.28.0/opentelemetry-sdk-1.28.0.jar:/Users/yashgoy/.m2/repository/io/opentelemetry/opentelemetry-semconv/1.28.0-alpha/opentelemetry-semconv-1.28.0-alpha.jar:/Users/yashgoy/.m2/repository/net/bytebuddy/byte-buddy/1.14.5/byte-buddy-1.14.5.jar:/Users/yashgoy/.m2/repository/org/seleniumhq/selenium/selenium-os/4.15.0/selenium-os-4.15.0.jar:/Users/yashgoy/.m2/repository/org/apache/commons/commons-exec/1.3/commons-exec-1.3.jar:/Users/yashgoy/.m2/repository/org/seleniumhq/selenium/selenium-safari-driver/4.15.0/selenium-safari-driver-4.15.0.jar:/Users/yashgoy/.m2/repository/org/seleniumhq/selenium/selenium-support/4.15.0/selenium-support-4.15.0.jar:/Users/yashgoy/.m2/repository/org/testng/testng/7.8.0/testng-7.8.0.jar:/Users/yashgoy/.m2/repository/org/slf4j/slf4j-api/1.7.36/slf4j-api-1.7.36.jar:/Users/yashgoy/.m2/repository/com/beust/jcommander/1.82/jcommander-1.82.jar:/Users/yashgoy/.m2/repository/org/webjars/jquery/3.6.1/jquery-3.6.1.jar:/Users/yashgoy/.m2/repository/io/cucumber/cucumber-java/7.14.0/cucumber-java-7.14.0.jar:/Users/yashgoy/.m2/repository/io/cucumber/cucumber-core/7.14.0/cucumber-core-7.14.0.jar:/Users/yashgoy/.m2/repository/io/cucumber/cucumber-gherkin/7.14.0/cucumber-gherkin-7.14.0.jar:/Users/yashgoy/.m2/repository/io/cucumber/cucumber-gherkin-messages/7.14.0/cucumber-gherkin-messages-7.14.0.jar:/Users/yashgoy/.m2/repository/io/cucumber/gherkin/26.2.0/gherkin-26.2.0.jar:/Users/yashgoy/.m2/repository/io/cucumber/messages/22.0.0/messages-22.0.0.jar:/Users/yashgoy/.m2/repository/io/cucumber/tag-expressions/5.0.6/tag-expressions-5.0.6.jar:/Users/yashgoy/.m2/repository/io/cucumber/cucumber-expressions/16.1.2/cucumber-expressions-16.1.2.jar:/Users/yashgoy/.m2/repository/io/cucumber/datatable/7.14.0/datatable-7.14.0.jar:/Users/yashgoy/.m2/repository/io/cucumber/cucumber-plugin/7.14.0/cucumber-plugin-7.14.0.jar:/Users/yashgoy/.m2/repository/io/cucumber/docstring/7.14.0/docstring-7.14.0.jar:/Users/yashgoy/.m2/repository/io/cucumber/html-formatter/20.4.0/html-formatter-20.4.0.jar:/Users/yashgoy/.m2/repository/io/cucumber/junit-xml-formatter/0.2.0/junit-xml-formatter-0.2.0.jar:/Users/yashgoy/.m2/repository/io/cucumber/ci-environment/9.2.0/ci-environment-9.2.0.jar:/Users/yashgoy/.m2/repository/org/apiguardian/apiguardian-api/1.1.2/apiguardian-api-1.1.2.jar:/Users/yashgoy/.m2/repository/io/cucumber/cucumber-testng/7.14.0/cucumber-testng-7.14.0.jar:/Users/yashgoy/.m2/repository/io/cucumber/cucumber-picocontainer/7.14.0/cucumber-picocontainer-7.14.0.jar:/Users/yashgoy/.m2/repository/org/picocontainer/picocontainer/2.15/picocontainer-2.15.jar:/Users/yashgoy/.m2/repository/org/springframework/spring-context/5.3.23/spring-context-5.3.23.jar:/Users/yashgoy/.m2/repository/org/springframework/spring-aop/5.3.23/spring-aop-5.3.23.jar:/Users/yashgoy/.m2/repository/org/springframework/spring-beans/5.3.23/spring-beans-5.3.23.jar:/Users/yashgoy/.m2/repository/org/springframework/spring-core/5.3.23/spring-core-5.3.23.jar:/Users/yashgoy/.m2/repository/org/springframework/spring-jcl/5.3.23/spring-jcl-5.3.23.jar:/Users/yashgoy/.m2/repository/org/springframework/spring-expression/5.3.23/spring-expression-5.3.23.jar:/Users/yashgoy/.m2/repository/org/springframework/spring-test/5.3.23/spring-test-5.3.23.jar:/Users/yashgoy/.m2/repository/org/apache/logging/log4j/log4j-core/2.20.0/log4j-core-2.20.0.jar:/Users/yashgoy/.m2/repository/org/apache/logging/log4j/log4j-api/2.20.0/log4j-api-2.20.0.jar:/Users/yashgoy/.m2/repository/com/aventstack/extentreports/5.1.1/extentreports-5.1.1.jar:/Users/yashgoy/.m2/repository/io/reactivex/rxjava3/rxjava/3.1.6/rxjava-3.1.6.jar:/Users/yashgoy/.m2/repository/org/reactivestreams/reactive-streams/1.0.4/reactive-streams-1.0.4.jar:/Users/yashgoy/.m2/repository/org/freemarker/freemarker/2.3.32/freemarker-2.3.32.jar:/Users/yashgoy/.m2/repository/org/projectlombok/lombok/1.18.26/lombok-1.18.26.jar:/Users/yashgoy/.m2/repository/com/google/code/gson/gson/2.10.1/gson-2.10.1.jar:/Users/yashgoy/.m2/repository/com/fasterxml/jackson/core/jackson-databind/2.15.2/jackson-databind-2.15.2.jar:/Users/yashgoy/.m2/repository/com/fasterxml/jackson/core/jackson-annotations/2.15.2/jackson-annotations-2.15.2.jar:/Users/yashgoy/.m2/repository/com/fasterxml/jackson/core/jackson-core/2.15.2/jackson-core-2.15.2.jar:/Users/yashgoy/.m2/repository/com/fasterxml/jackson/dataformat/jackson-dataformat-yaml/2.15.2/jackson-dataformat-yaml-2.15.2.jar:/Users/yashgoy/.m2/repository/org/yaml/snakeyaml/2.0/snakeyaml-2.0.jar:/Users/yashgoy/.m2/repository/io/github/bonigarcia/webdrivermanager/5.5.3/webdrivermanager-5.5.3.jar:/Users/yashgoy/.m2/repository/com/github/docker-java/docker-java/3.3.3/docker-java-3.3.3.jar:/Users/yashgoy/.m2/repository/com/github/docker-java/docker-java-core/3.3.3/docker-java-core-3.3.3.jar:/Users/yashgoy/.m2/repository/com/github/docker-java/docker-java-api/3.3.3/docker-java-api-3.3.3.jar:/Users/yashgoy/.m2/repository/commons-io/commons-io/2.6/commons-io-2.6.jar:/Users/yashgoy/.m2/repository/org/apache/commons/commons-compress/1.21/commons-compress-1.21.jar:/Users/yashgoy/.m2/repository/org/bouncycastle/bcpkix-jdk18on/1.75/bcpkix-jdk18on-1.75.jar:/Users/yashgoy/.m2/repository/org/bouncycastle/bcprov-jdk18on/1.75/bcprov-jdk18on-1.75.jar:/Users/yashgoy/.m2/repository/org/bouncycastle/bcutil-jdk18on/1.75/bcutil-jdk18on-1.75.jar:/Users/yashgoy/.m2/repository/org/slf4j/jcl-over-slf4j/1.7.30/jcl-over-slf4j-1.7.30.jar:/Users/yashgoy/.m2/repository/com/github/docker-java/docker-java-transport-httpclient5/3.3.3/docker-java-transport-httpclient5-3.3.3.jar:/Users/yashgoy/.m2/repository/com/github/docker-java/docker-java-transport/3.3.3/docker-java-transport-3.3.3.jar:/Users/yashgoy/.m2/repository/net/java/dev/jna/jna/5.12.1/jna-5.12.1.jar:/Users/yashgoy/.m2/repository/org/brotli/dec/0.1.2/dec-0.1.2.jar:/Users/yashgoy/.m2/repository/org/apache/commons/commons-lang3/3.13.0/commons-lang3-3.13.0.jar:/Users/yashgoy/.m2/repository/org/apache/httpcomponents/client5/httpclient5/5.2.1/httpclient5-5.2.1.jar:/Users/yashgoy/.m2/repository/org/apache/httpcomponents/core5/httpcore5/5.2/httpcore5-5.2.jar:/Users/yashgoy/.m2/repository/org/apache/httpcomponents/core5/httpcore5-h2/5.2/httpcore5-h2-5.2.jar:"/>
    <property name="sun.cpu.endian" value="little"/>
    <property name="user.home" value="/Users/yashgoy"/>
    <property name="user.language" value="en"/>
    <property name="java.specification.vendor" value="Oracle Corporation"/>
    <property name="java.version.date" value="2024-04-16"/>
    <property name="java.home" value="/Library/Java/JavaVirtualMachines/jdk-17.jdk/Contents/Home"/>
    <property name="file.separator" value="/"/>
    <property name="basedir" value="/Volumes/Amdocs/Workspaces/Testing/nba-automation-framework/core-product-tests"/>
    <property name="java.vm.compressedOopsMode" value="Zero based"/>
    <property name="line.separator" value="&#10;"/>
    <property name="java.specification.name" value="Java Platform API Specification"/>
    <property name="java.vm.specification.vendor" value="Oracle Corporation"/>
    <property name="surefire.real.class.path" value="/Volumes/Amdocs/Workspaces/Testing/nba-automation-framework/core-product-tests/target/surefire/surefirebooter-20251026013153104_3.jar"/>
    <property name="sun.management.compiler" value="HotSpot 64-Bit Tiered Compilers"/>
    <property name="java.runtime.version" value="17.0.11+7-LTS-207"/>
    <property name="user.name" value="yashgoy"/>
    <property name="path.separator" value=":"/>
    <property name="os.version" value="15.7"/>
    <property name="java.runtime.name" value="Java(TM) SE Runtime Environment"/>
    <property name="file.encoding" value="UTF-8"/>
    <property name="java.vm.name" value="Java HotSpot(TM) 64-Bit Server VM"/>
    <property name="localRepository" value="/Users/yashgoy/.m2/repository"/>
    <property name="java.vendor.url.bug" value="https://bugreport.java.com/bugreport/"/>
    <property name="java.io.tmpdir" value="/var/folders/hw/ng6dkf8j6rj40rv5p3b2bc5m3knwsp/T/"/>
    <property name="java.version" value="17.0.11"/>
    <property name="cucumber.filter.tags" value="@TC1"/>
    <property name="user.dir" value="/Volumes/Amdocs/Workspaces/Testing/nba-automation-framework/core-product-tests"/>
    <property name="os.arch" value="aarch64"/>
    <property name="java.vm.specification.name" value="Java Virtual Machine Specification"/>
    <property name="native.encoding" value="UTF-8"/>
    <property name="java.library.path" value="/Users/yashgoy/Library/Java/Extensions:/Library/Java/Extensions:/Network/Library/Java/Extensions:/System/Library/Java/Extensions:/usr/lib/java:."/>
    <property name="java.vm.info" value="mixed mode, sharing"/>
    <property name="java.vendor" value="Oracle Corporation"/>
    <property name="java.vm.version" value="17.0.11+7-LTS-207"/>
    <property name="sun.io.unicode.encoding" value="UnicodeBig"/>
    <property name="java.class.version" value="61.0"/>
  </properties>
  <testcase name="runScenario[&quot;Test Case 1 - Find all Jackets from Shop Menu&quot;, &quot;NBA Warriors Website Testing - Core Product&quot;](1)" classname="com.nba.tests.core.WarriorsTestRunner" time="38.365">
    <failure message="Jackets category should be visible expected [true] but found [false]" type="java.lang.AssertionError"><![CDATA[java.lang.AssertionError: Jackets category should be visible expected [true] but found [false]
	at org.testng.Assert.fail(Assert.java:111)
	at org.testng.Assert.failNotEquals(Assert.java:1578)
	at org.testng.Assert.assertTrue(Assert.java:57)
	at com.nba.framework.assertions.BaseAssertion.assertTrue(BaseAssertion.java:44)
	at com.nba.tests.core.assertions.WarriorsPageAssertions.assertJacketsCategoryVisible(WarriorsPageAssertions.java:33)
	at com.nba.tests.core.stepdefinitions.WarriorsStepDefinitions.iClickOnJacketsCategory(WarriorsStepDefinitions.java:122)
	at ✽.I click on Jackets category(file:///Volumes/Amdocs/Workspaces/Testing/nba-automation-framework/core-product-tests/src/test/resources/features/warriors_tests.feature:13)
]]></failure>
    <system-out><![CDATA[
@TC1 @Shop @Jackets
Scenario: Test Case 1 - Find all Jackets from Shop Menu # src/test/resources/features/warriors_tests.feature:10
ERROR StatusConsoleListener Could not create plugin of type class org.apache.logging.log4j.core.appender.RollingFileAppender for element RollingFile
 org.apache.logging.log4j.core.config.ConfigurationException: Configuration has multiple incompatible Appenders pointing to the same resource './test-output/logs/automation.log'
	at org.apache.logging.log4j.core.appender.AbstractManager.narrow(AbstractManager.java:200)
	at org.apache.logging.log4j.core.appender.rolling.RollingFileManager.getFileManager(RollingFileManager.java:217)
	at org.apache.logging.log4j.core.appender.RollingFileAppender$Builder.build(RollingFileAppender.java:135)
	at org.apache.logging.log4j.core.appender.RollingFileAppender$Builder.build(RollingFileAppender.java:62)
	at org.apache.logging.log4j.core.config.plugins.util.PluginBuilder.build(PluginBuilder.java:124)
	at org.apache.logging.log4j.core.config.AbstractConfiguration.createPluginObject(AbstractConfiguration.java:1138)
	at org.apache.logging.log4j.core.config.AbstractConfiguration.createConfiguration(AbstractConfiguration.java:1063)
	at org.apache.logging.log4j.core.config.AbstractConfiguration.createConfiguration(AbstractConfiguration.java:1055)
	at org.apache.logging.log4j.core.config.AbstractConfiguration.doConfigure(AbstractConfiguration.java:664)
	at org.apache.logging.log4j.core.config.AbstractConfiguration.initialize(AbstractConfiguration.java:258)
	at org.apache.logging.log4j.core.config.AbstractConfiguration.start(AbstractConfiguration.java:304)
	at org.apache.logging.log4j.core.LoggerContext.setConfiguration(LoggerContext.java:621)
	at org.apache.logging.log4j.core.LoggerContext.reconfigure(LoggerContext.java:694)
	at org.apache.logging.log4j.core.LoggerContext.reconfigure(LoggerContext.java:711)
	at org.apache.logging.log4j.core.LoggerContext.start(LoggerContext.java:253)
	at org.apache.logging.log4j.core.impl.Log4jContextFactory.getContext(Log4jContextFactory.java:155)
	at org.apache.logging.log4j.core.impl.Log4jContextFactory.getContext(Log4jContextFactory.java:47)
	at org.apache.logging.log4j.LogManager.getContext(LogManager.java:196)
	at org.apache.logging.log4j.LogManager.getLogger(LogManager.java:599)
	at com.nba.framework.hooks.CucumberHooks.<clinit>(CucumberHooks.java:14)
	at java.base/jdk.internal.reflect.NativeConstructorAccessorImpl.newInstance0(Native Method)
	at java.base/jdk.internal.reflect.NativeConstructorAccessorImpl.newInstance(NativeConstructorAccessorImpl.java:77)
	at java.base/jdk.internal.reflect.DelegatingConstructorAccessorImpl.newInstance(DelegatingConstructorAccessorImpl.java:45)
	at java.base/java.lang.reflect.Constructor.newInstanceWithCaller(Constructor.java:499)
	at java.base/java.lang.reflect.Constructor.newInstance(Constructor.java:480)
	at org.picocontainer.injectors.AbstractInjector.newInstance(AbstractInjector.java:145)
	at org.picocontainer.injectors.ConstructorInjector$1.run(ConstructorInjector.java:342)
	at org.picocontainer.injectors.AbstractInjector$ThreadLocalCyclicDependencyGuard.observe(AbstractInjector.java:270)
	at org.picocontainer.injectors.ConstructorInjector.getComponentInstance(ConstructorInjector.java:364)
	at org.picocontainer.injectors.AbstractInjectionFactory$LifecycleAdapter.getComponentInstance(AbstractInjectionFactory.java:56)
	at org.picocontainer.behaviors.AbstractBehavior.getComponentInstance(AbstractBehavior.java:64)
	at org.picocontainer.behaviors.Stored.getComponentInstance(Stored.java:91)
	at org.picocontainer.DefaultPicoContainer.getInstance(DefaultPicoContainer.java:699)
	at org.picocontainer.DefaultPicoContainer.getComponent(DefaultPicoContainer.java:647)
	at org.picocontainer.DefaultPicoContainer.getComponent(DefaultPicoContainer.java:678)
	at io.cucumber.picocontainer.PicoFactory.getInstance(PicoFactory.java:64)
	at io.cucumber.java.AbstractGlueDefinition.invokeMethod(AbstractGlueDefinition.java:47)
	at io.cucumber.java.JavaHookDefinition.execute(JavaHookDefinition.java:64)
	at io.cucumber.core.runner.CoreHookDefinition.execute(CoreHookDefinition.java:46)
	at io.cucumber.core.runner.HookDefinitionMatch.runStep(HookDefinitionMatch.java:21)
	at io.cucumber.core.runner.ExecutionMode$1.execute(ExecutionMode.java:10)
	at io.cucumber.core.runner.TestStep.executeStep(TestStep.java:84)
	at io.cucumber.core.runner.TestStep.run(TestStep.java:56)
	at io.cucumber.core.runner.TestCase.run(TestCase.java:78)
	at io.cucumber.core.runner.Runner.runPickle(Runner.java:75)
	at io.cucumber.testng.TestNGCucumberRunner.lambda$runScenario$1(TestNGCucumberRunner.java:132)
	at io.cucumber.core.runtime.CucumberExecutionContext.lambda$runTestCase$5(CucumberExecutionContext.java:137)
	at io.cucumber.core.runtime.RethrowingThrowableCollector.executeAndThrow(RethrowingThrowableCollector.java:23)
	at io.cucumber.core.runtime.CucumberExecutionContext.runTestCase(CucumberExecutionContext.java:137)
	at io.cucumber.testng.TestNGCucumberRunner.runScenario(TestNGCucumberRunner.java:129)
	at io.cucumber.testng.AbstractTestNGCucumberTests.runScenario(AbstractTestNGCucumberTests.java:35)
	at java.base/jdk.internal.reflect.NativeMethodAccessorImpl.invoke0(Native Method)
	at java.base/jdk.internal.reflect.NativeMethodAccessorImpl.invoke(NativeMethodAccessorImpl.java:77)
	at java.base/jdk.internal.reflect.DelegatingMethodAccessorImpl.invoke(DelegatingMethodAccessorImpl.java:43)
	at java.base/java.lang.reflect.Method.invoke(Method.java:568)
	at org.testng.internal.invokers.MethodInvocationHelper.invokeMethod(MethodInvocationHelper.java:139)
	at org.testng.internal.invokers.TestInvoker.invokeMethod(TestInvoker.java:664)
	at org.testng.internal.invokers.TestInvoker.invokeTestMethod(TestInvoker.java:227)
	at org.testng.internal.invokers.TestMethodWithDataProviderMethodWorker.call(TestMethodWithDataProviderMethodWorker.java:80)
	at org.testng.internal.invokers.TestMethodWithDataProviderMethodWorker.call(TestMethodWithDataProviderMethodWorker.java:17)
	at java.base/java.util.concurrent.FutureTask.run(FutureTask.java:264)
	at java.base/java.util.concurrent.Executors$RunnableAdapter.call(Executors.java:539)
	at java.base/java.util.concurrent.FutureTask.run(FutureTask.java:264)
	at java.base/java.util.concurrent.ThreadPoolExecutor.runWorker(ThreadPoolExecutor.java:1136)
	at java.base/java.util.concurrent.ThreadPoolExecutor$Worker.run(ThreadPoolExecutor.java:635)
	at java.base/java.lang.Thread.run(Thread.java:842)
ERROR StatusConsoleListener Null object returned for RollingFile in Appenders.
ERROR StatusConsoleListener Unable to locate appender "RollingFileAppender" for logger config "root"
ERROR StatusConsoleListener Unable to locate appender "RollingFileAppender" for logger config "io.github.bonigarcia.wdm"
ERROR StatusConsoleListener Unable to locate appender "RollingFileAppender" for logger config "com.nba.framework"
ERROR StatusConsoleListener Unable to locate appender "RollingFileAppender" for logger config "org.openqa.selenium"
01:31:54.014 [TestNG-PoolService-0] INFO  com.nba.framework.config.ConfigManager - Configuration loaded from config.properties
01:31:54.015 [TestNG-PoolService-0] INFO  com.nba.framework.hooks.CucumberHooks - Starting scenario: Test Case 1 - Find all Jackets from Shop Menu
=== DriverUtils.createChromeDriver() START ===
=== DriverUtils.createChromeDriver() called ===
01:31:54.016 [TestNG-PoolService-0] INFO  com.nba.framework.driver.DriverUtils - Attempting to create ChromeDriver with OFFLINE ONLY strategy
01:31:54.016 [TestNG-PoolService-0] INFO  com.nba.framework.driver.DriverUtils - Strategy 1: Searching for ChromeDriver in common locations...
01:31:54.016 [TestNG-PoolService-0] INFO  com.nba.framework.driver.DriverUtils - Current working directory: /Volumes/Amdocs/Workspaces/Testing/nba-automation-framework/core-product-tests
01:31:54.016 [TestNG-PoolService-0] INFO  com.nba.framework.driver.DriverUtils - Searching for drivers in 13 common locations
01:31:54.016 [TestNG-PoolService-0] INFO  com.nba.framework.driver.DriverUtils - Driver names to search: [chromedriver, chromedriver.exe, chrome-driver, chrome-driver.exe]
01:31:54.016 [TestNG-PoolService-0] INFO  com.nba.framework.driver.DriverUtils - Checking path: ./drivers/chromedriver-mac-arm64/
01:31:54.017 [TestNG-PoolService-0] INFO  com.nba.framework.driver.DriverUtils -   Checking: ./drivers/chromedriver-mac-arm64/chromedriver
01:31:54.017 [TestNG-PoolService-0] INFO  com.nba.framework.driver.DriverUtils -   Checking: ./drivers/chromedriver-mac-arm64/chromedriver.exe
01:31:54.017 [TestNG-PoolService-0] INFO  com.nba.framework.driver.DriverUtils -   Checking: ./drivers/chromedriver-mac-arm64/chrome-driver
01:31:54.017 [TestNG-PoolService-0] INFO  com.nba.framework.driver.DriverUtils -   Checking: ./drivers/chromedriver-mac-arm64/chrome-driver.exe
01:31:54.017 [TestNG-PoolService-0] INFO  com.nba.framework.driver.DriverUtils - Checking path: ../drivers/chromedriver-mac-arm64/
01:31:54.017 [TestNG-PoolService-0] INFO  com.nba.framework.driver.DriverUtils -   Checking: ../drivers/chromedriver-mac-arm64/chromedriver
01:31:54.017 [TestNG-PoolService-0] INFO  com.nba.framework.driver.DriverUtils - Found driver: ../drivers/chromedriver-mac-arm64/chromedriver
01:31:54.017 [TestNG-PoolService-0] INFO  com.nba.framework.driver.DriverUtils - Driver search result: ../drivers/chromedriver-mac-arm64/chromedriver
01:31:54.017 [TestNG-PoolService-0] INFO  com.nba.framework.driver.DriverUtils - Strategy 1: Attempting driver from project location: ../drivers/chromedriver-mac-arm64/chromedriver
01:31:56.915 [TestNG-PoolService-0] INFO  com.nba.framework.driver.StealthUtils - Stealth techniques applied successfully
01:31:56.915 [TestNG-PoolService-0] INFO  com.nba.framework.driver.DriverUtils - ✅ ChromeDriver created successfully from: ../drivers/chromedriver-mac-arm64/chromedriver
01:31:56.929 [TestNG-PoolService-0] INFO  com.nba.framework.driver.DriverManager - Driver initialized successfully for browser: chrome
01:31:56.930 [TestNG-PoolService-0] INFO  com.nba.framework.hooks.CucumberHooks - Driver initialized for scenario: Test Case 1 - Find all Jackets from Shop Menu
01:32:00.315 [TestNG-PoolService-0] INFO  com.nba.framework.pages.BasePage - Page loaded successfully
01:32:00.315 [TestNG-PoolService-0] INFO  com.nba.framework.pages.BasePage - Navigated to URL: https://www.nba.com/warriors
01:32:00.319 [TestNG-PoolService-0] INFO  com.nba.framework.pages.BasePage - Current URL: https://www.nba.com/warriors/
✓ Assertion passed: Warriors page should be loaded
01:32:00.320 [TestNG-PoolService-0] INFO  com.nba.tests.core.stepdefinitions.WarriorsStepDefinitions - Navigated to Warriors website
  Given I navigate to the Warriors website              # com.nba.tests.core.stepdefinitions.WarriorsStepDefinitions.iNavigateToTheWarriorsWebsite()
01:32:00.324 [TestNG-PoolService-0] INFO  com.nba.framework.pages.BasePage - Current URL: https://www.nba.com/warriors/
✓ Assertion passed: Warriors page should be loaded
01:32:00.324 [TestNG-PoolService-0] INFO  com.nba.tests.core.stepdefinitions.WarriorsStepDefinitions - On Warriors homepage
  Given I am on the Warriors homepage                   # com.nba.tests.core.stepdefinitions.WarriorsStepDefinitions.iAmOnTheWarriorsHomepage()
01:32:00.324 [TestNG-PoolService-0] INFO  com.nba.tests.core.stepdefinitions.WarriorsStepDefinitions - Checking if Shop menu is visible on Warriors page
01:32:02.162 [TestNG-PoolService-0] INFO  com.nba.tests.core.stepdefinitions.WarriorsStepDefinitions - Shop menu visible: false
01:32:02.163 [TestNG-PoolService-0] WARN  com.nba.tests.core.stepdefinitions.WarriorsStepDefinitions - Shop menu is not visible on Warriors page
  When I navigate to Shop Menu and click on Men's       # com.nba.tests.core.stepdefinitions.WarriorsStepDefinitions.iNavigateToShopMenuAndClickOnMens()
  And I click on Jackets category                       # com.nba.tests.core.stepdefinitions.WarriorsStepDefinitions.iClickOnJacketsCategory()
      java.lang.AssertionError: Jackets category should be visible expected [true] but found [false]
	at org.testng.Assert.fail(Assert.java:111)
	at org.testng.Assert.failNotEquals(Assert.java:1578)
	at org.testng.Assert.assertTrue(Assert.java:57)
	at com.nba.framework.assertions.BaseAssertion.assertTrue(BaseAssertion.java:44)
	at com.nba.tests.core.assertions.WarriorsPageAssertions.assertJacketsCategoryVisible(WarriorsPageAssertions.java:33)
	at com.nba.tests.core.stepdefinitions.WarriorsStepDefinitions.iClickOnJacketsCategory(WarriorsStepDefinitions.java:122)
	at ✽.I click on Jackets category(file:///Volumes/Amdocs/Workspaces/Testing/nba-automation-framework/core-product-tests/src/test/resources/features/warriors_tests.feature:13)

  Then I should see jacket products                     # com.nba.tests.core.stepdefinitions.WarriorsStepDefinitions.iShouldSeeJacketProducts()
  When I collect all jacket information from all pages  # com.nba.tests.core.stepdefinitions.WarriorsStepDefinitions.iCollectAllJacketInformationFromAllPages()
  Then I should store jacket details to a text file     # com.nba.tests.core.stepdefinitions.WarriorsStepDefinitions.iShouldStoreJacketDetailsToATextFile()
  And the text file should be attached to the report    # com.nba.tests.core.stepdefinitions.WarriorsStepDefinitions.theTextFileShouldBeAttachedToTheReport()
01:32:14.221 [TestNG-PoolService-0] INFO  com.nba.framework.hooks.CucumberHooks - Finishing scenario: Test Case 1 - Find all Jackets from Shop Menu - Status: FAILED
01:32:14.601 [TestNG-PoolService-0] INFO  com.nba.framework.utils.ScreenshotUtils - Screenshot captured: ./test-output/screenshots/Test Case 1 - Find all Jackets from Shop Menu_2025-10-26_01-32-14.png

    Embedding Screenshot [image/png 413379 bytes]

01:32:14.881 [TestNG-PoolService-0] INFO  com.nba.framework.hooks.CucumberHooks - Screenshot attached to failed scenario: Test Case 1 - Find all Jackets from Shop Menu
01:32:32.125 [TestNG-PoolService-0] INFO  com.nba.framework.driver.DriverManager - Driver quit successfully
01:32:32.125 [TestNG-PoolService-0] INFO  com.nba.framework.hooks.CucumberHooks - Driver quit for scenario: Test Case 1 - Find all Jackets from Shop Menu
]]></system-out>
    <system-err><![CDATA[SLF4J: Failed to load class "org.slf4j.impl.StaticLoggerBinder".
SLF4J: Defaulting to no-operation (NOP) logger implementation
SLF4J: See http://www.slf4j.org/codes.html#StaticLoggerBinder for further details.
Oct 26, 2025 1:31:56 AM org.openqa.selenium.devtools.CdpVersionFinder findNearestMatch
WARNING: Unable to find CDP implementation matching 141
Oct 26, 2025 1:31:56 AM org.openqa.selenium.chromium.ChromiumDriver lambda$new$5
WARNING: Unable to find version of CDP to use for 141.0.7390.123. You may need to include a dependency on a specific version of the CDP using something similar to `org.seleniumhq.selenium:selenium-devtools-v86:4.15.0` where the version ("v86") matches the version of the chromium-based browser you're using and the version number of the artifact is the same as Selenium's.
✗ Assertion failed: Jackets category should be visible - Expected: true, Actual: false
]]></system-err>
  </testcase>
</testsuite>